[2019-10-04 19:57:01] START
[2019-10-04 20:13:19] EDIT Sumarize/models/db.py: 14
[2019-10-04 20:17:53] EDIT Sumarize/controllers/default.py: 10
[2019-10-04 20:20:22] EDIT Sumarize/controllers/default.py: 1
[2019-10-04 20:21:42] EDIT Sumarize/controllers/default.py: 0
[2019-10-04 20:24:57] EDIT Sumarize/models/db.py: 6
[2019-10-04 20:28:48] EDIT Sumarize/models/db.py: 4
[2019-10-04 20:31:02] EDIT Sumarize/models/db.py: 0
[2019-10-04 20:36:11] EDIT Sumarize/models/db.py: 0
[2019-10-04 20:52:26] EDIT Sumarize/controllers/default.py: 14
[2019-10-04 20:55:11] EDIT Sumarize/controllers/default.py: 0
[2019-10-04 21:02:44] EDIT Sumarize/controllers/default.py: 0
[2019-10-04 21:08:26] EDIT Sumarize/controllers/default.py: 0
[2019-10-04 21:10:24] EDIT Sumarize/controllers/default.py: 0
[2019-10-04 21:11:30] EDIT Sumarize/controllers/default.py: 0
[2019-10-04 21:11:50] EDIT Sumarize/controllers/default.py: 0
[2019-10-04 21:12:26] EDIT Sumarize/controllers/default.py: 0
[2019-10-04 21:13:10] EDIT Sumarize/controllers/default.py: 0
[2019-10-04 21:13:39] EDIT Sumarize/controllers/default.py: 0
[2019-10-04 21:13:56] EDIT Sumarize/controllers/default.py: 0
[2019-10-04 21:14:21] EDIT Sumarize/controllers/default.py: 0
[2019-10-04 21:14:50] EDIT Sumarize/controllers/default.py: 0
[2019-10-04 21:15:38] EDIT Sumarize/controllers/default.py: 0
[2019-10-04 21:16:35] EDIT Sumarize/controllers/default.py: 0
[2019-10-04 21:18:09] EDIT Sumarize/controllers/default.py: 0
[2019-10-04 21:18:32] EDIT Sumarize/controllers/default.py: 0
[2019-10-04 21:18:32] EDIT Sumarize/controllers/default.py: 0
[2019-10-04 21:23:18] EDIT Sumarize/controllers/default.py: 0
[2019-10-04 21:23:24] EDIT Sumarize/controllers/default.py: 0
[2019-10-04 21:23:50] EDIT Sumarize/controllers/default.py: 0
[2019-10-04 21:24:16] EDIT Sumarize/controllers/default.py: 0
[2019-10-04 21:24:20] EDIT Sumarize/controllers/default.py: 0
[2019-10-04 21:24:35] EDIT Sumarize/controllers/default.py: 0
[2019-10-04 21:26:07] EDIT Sumarize/models/db.py: -1
[2019-10-04 21:26:15] EDIT Sumarize/models/db.py: 0
[2019-10-04 21:28:32] EDIT Sumarize/models/db.py: 1
[2019-10-04 21:29:20] EDIT Sumarize/models/db.py: 0
[2019-10-04 21:30:02] EDIT Sumarize/models/db.py: 0
[2019-10-04 21:30:10] EDIT Sumarize/models/db.py: 0
[2019-10-04 21:32:25] EDIT Sumarize/controllers/default.py: 0
[2019-10-04 21:32:45] EDIT Sumarize/controllers/default.py: 0
[2019-10-04 21:33:20] EDIT Sumarize/controllers/default.py: 0
[2019-10-04 21:34:01] EDIT Sumarize/controllers/default.py: 0
[2019-10-04 21:34:49] EDIT Sumarize/controllers/default.py: 0
[2019-10-04 21:35:06] EDIT Sumarize/controllers/default.py: 0
[2019-10-04 21:51:17] EDIT Sumarize/controllers/default.py: 0
[2019-10-04 21:51:41] EDIT Sumarize/controllers/default.py: 0
[2019-10-04 21:52:47] EDIT Sumarize/controllers/default.py: 0
[2019-10-04 21:53:27] EDIT Sumarize/controllers/default.py: 0
[2019-10-04 21:53:49] EDIT Sumarize/controllers/default.py: 0
[2019-10-04 21:56:40] EDIT Sumarize/controllers/default.py: 0
[2019-10-04 21:59:43] EDIT Sumarize/controllers/default.py: 0
[2019-10-04 22:00:32] EDIT Sumarize/controllers/default.py: 0
[2019-10-04 22:00:53] EDIT Sumarize/controllers/default.py: 0
[2019-10-04 22:01:03] EDIT Sumarize/controllers/default.py: 0
[2019-10-04 22:01:37] EDIT Sumarize/controllers/default.py: 0
[2019-10-04 22:01:50] EDIT Sumarize/controllers/default.py: 0
[2019-10-04 22:02:13] EDIT Sumarize/controllers/default.py: 0
[2019-10-04 22:02:24] EDIT Sumarize/controllers/default.py: 0
[2019-10-04 22:02:36] EDIT Sumarize/controllers/default.py: 0
[2019-10-04 22:03:54] EDIT Sumarize/controllers/default.py: 0
[2019-10-04 22:05:28] EDIT Sumarize/controllers/default.py: 0
[2019-10-04 22:05:44] EDIT Sumarize/controllers/default.py: 0
[2019-10-04 22:07:49] EDIT Sumarize/controllers/default.py: 0
[2019-10-04 22:08:51] EDIT Sumarize/controllers/default.py: 0
[2019-10-04 22:09:25] EDIT Sumarize/controllers/default.py: 0
[2019-10-04 22:10:20] EDIT Sumarize/controllers/default.py: 0
[2019-10-04 22:11:25] EDIT Sumarize/controllers/default.py: 0
[2019-10-04 22:11:55] EDIT Sumarize/controllers/default.py: 0
[2019-10-04 22:38:21] EDIT Sumarize/controllers/default.py: 0
[2019-10-04 22:38:51] EDIT Sumarize/controllers/default.py: 0
[2019-10-04 22:39:01] EDIT Sumarize/controllers/default.py: 0
[2019-10-04 22:52:29] EDIT Sumarize/controllers/default.py: 0
[2019-10-04 22:56:20] EDIT Sumarize/models/db.py: 0
[2019-10-04 22:57:10] EDIT Sumarize/models/db.py: 0
[2019-10-04 22:57:48] EDIT Sumarize/models/db.py: 1
[2019-10-04 22:58:16] EDIT Sumarize/models/db.py: 1
[2019-10-04 22:58:18] EDIT Sumarize/models/db.py: 0
[2019-10-04 23:00:05] EDIT Sumarize/controllers/default.py: 0
[2019-10-04 23:00:07] EDIT Sumarize/controllers/default.py: 0
[2019-10-04 23:05:03] EDIT Sumarize/controllers/default.py: 0
[2019-10-04 23:13:33] EDIT Sumarize/controllers/default.py: 0
[2019-10-04 23:13:48] EDIT Sumarize/controllers/default.py: 0
[2019-10-04 23:31:03] EDIT Sumarize/controllers/default.py: 0
[2019-10-04 23:32:11] EDIT Sumarize/controllers/default.py: 0
[2019-10-04 23:32:43] EDIT Sumarize/controllers/default.py: 0
[2019-10-04 23:37:29] EDIT Sumarize/controllers/default.py: 0
[2019-10-05 00:12:02] EDIT Sumarize/controllers/default.py: 0
[2019-10-05 00:13:41] EDIT Sumarize/controllers/default.py: 0
[2019-10-05 00:18:13] EDIT Sumarize/controllers/default.py: 0
[2019-10-05 00:18:44] EDIT Sumarize/controllers/default.py: 0
[2019-10-05 00:19:16] EDIT Sumarize/controllers/default.py: 0
[2019-10-05 00:20:13] EDIT Sumarize/controllers/default.py: 0
[2019-10-05 00:20:20] EDIT Sumarize/controllers/default.py: 0
[2019-10-05 00:20:47] EDIT Sumarize/controllers/default.py: 0
[2019-10-05 00:21:18] EDIT Sumarize/controllers/default.py: 0
[2019-10-05 00:22:27] EDIT Sumarize/controllers/default.py: 0
[2019-10-05 00:22:43] EDIT Sumarize/controllers/default.py: 0
[2019-10-05 00:26:31] EDIT Sumarize/controllers/default.py: 0
[2019-10-05 00:26:42] EDIT Sumarize/controllers/default.py: 0
[2019-10-05 00:29:04] EDIT Sumarize/controllers/default.py: 4
[2019-10-05 00:29:19] EDIT Sumarize/controllers/default.py: 0
[2019-10-05 00:47:58] EDIT Sumarize/controllers/default.py: 1
[2019-10-05 00:48:26] EDIT Sumarize/controllers/default.py: 0
[2019-10-05 00:48:57] EDIT Sumarize/controllers/default.py: 0
[2019-10-05 00:52:44] EDIT Sumarize/models/db.py: -1
[2019-10-05 00:53:03] EDIT Sumarize/models/db.py: -1
[2019-10-05 00:54:01] EDIT Sumarize/models/db.py: 0
[2019-10-05 01:02:14] EDIT Sumarize/private/appconfig.ini: 0
[2019-10-05 01:07:14] EDIT Sumarize/controllers/default.py: 0
[2019-10-05 01:17:04] EDIT Sumarize/controllers/default.py: 3
[2019-10-05 01:18:13] EDIT Sumarize/controllers/default.py: 0
[2019-10-05 01:26:50] CREATE ver_filmes.html: 0
[2019-10-05 01:29:27] DELETE Sumarize/views/ver_filmes.html: -3
[2019-10-05 01:29:47] CREATE ver_livros.html: 0
[2019-10-05 01:31:14] EDIT Sumarize/views/ver_livros.html: 2
[2019-10-05 01:38:00] EDIT Sumarize/views/ver_livros.html: 17
[2019-10-05 01:38:16] EDIT Sumarize/views/ver_livros.html: 0
[2019-10-05 01:44:45] EDIT Sumarize/controllers/default.py: -3
[2019-10-05 01:45:55] EDIT Sumarize/views/ver_livros.html: -19
[2019-10-05 01:46:31] EDIT Sumarize/views/ver_livros.html: 0
[2019-10-05 11:28:22] EDIT Sumarize/controllers/default.py: 2
[2019-10-05 11:33:46] EDIT Sumarize/controllers/default.py: 0
[2019-10-05 11:36:24] EDIT Sumarize/controllers/default.py: -2
[2019-10-05 11:40:39] EDIT Sumarize/controllers/default.py: -2
[2019-10-05 15:11:20] EDIT Sumarize/controllers/default.py: 2
[2019-10-05 15:11:31] EDIT Sumarize/controllers/default.py: 0
[2019-10-05 15:11:36] EDIT Sumarize/controllers/default.py: 0
[2019-10-05 15:12:00] EDIT Sumarize/controllers/default.py: 0
[2019-10-05 15:12:01] EDIT Sumarize/controllers/default.py: 0
[2019-10-05 15:12:02] EDIT Sumarize/controllers/default.py: 0
[2019-10-05 15:12:21] EDIT Sumarize/controllers/default.py: 0
[2019-10-05 15:13:08] EDIT Sumarize/controllers/default.py: 0
[2019-10-05 15:13:29] EDIT Sumarize/controllers/default.py: 0
[2019-10-05 15:13:48] EDIT Sumarize/controllers/default.py: 0
[2019-10-05 15:14:20] EDIT Sumarize/controllers/default.py: 0
[2019-10-05 15:15:08] EDIT Sumarize/controllers/default.py: 0
[2019-10-05 15:15:29] EDIT Sumarize/controllers/default.py: 0
[2019-10-05 15:15:56] EDIT Sumarize/controllers/default.py: 0
[2019-10-05 15:16:53] EDIT Sumarize/controllers/default.py: 0
[2019-10-05 15:21:19] EDIT Sumarize/controllers/default.py: 0
[2019-10-05 15:26:53] EDIT Sumarize/controllers/default.py: 2
[2019-10-05 15:34:01] EDIT Sumarize/views/layout.html: 0
[2019-10-05 15:36:27] EDIT Sumarize/views/layout.html: 0
[2019-10-05 15:38:04] EDIT Sumarize/views/layout.html: 0
[2019-10-05 16:12:54] EDIT Sumarize/controllers/default.py: 0
[2019-10-05 16:14:02] EDIT Sumarize/controllers/default.py: 2
[2019-10-05 16:15:15] EDIT Sumarize/controllers/default.py: 0
[2019-10-05 16:16:43] EDIT Sumarize/controllers/default.py: -2
[2019-10-05 16:20:42] EDIT Sumarize/controllers/default.py: 4
[2019-10-05 16:26:18] EDIT Sumarize/views/default/index.html: 0
[2019-10-05 16:34:43] EDIT Sumarize/views/layout.html: 0
[2019-10-05 16:36:52] EDIT Sumarize/views/layout.html: 0
[2019-10-05 16:38:18] EDIT Sumarize/views/layout.html: 0
[2019-10-05 16:39:29] EDIT Sumarize/views/layout.html: 0
[2019-10-05 16:41:19] EDIT Sumarize/views/layout.html: 0
[2019-10-05 16:43:08] EDIT Sumarize/views/layout.html: 0
[2019-10-05 16:51:30] EDIT Sumarize/views/default/index.html: 0
[2019-10-05 16:54:55] EDIT Sumarize/views/default/index.html: 0
[2019-10-05 18:16:11] EDIT Sumarize/views/default/index.html: 0
[2019-10-05 18:30:39] CREATE index.html: 0
[2019-10-05 18:31:18] EDIT Sumarize/views/index.html: 173
[2019-10-05 18:32:52] EDIT Sumarize/views/ver_livros.html: 0
[2019-10-05 18:33:51] DELETE Sumarize/views/index.html: -176
[2019-10-05 18:34:10] CREATE index.html: 0
[2019-10-05 18:34:38] EDIT Sumarize/views/index.html: 0
[2019-10-05 18:36:54] EDIT Sumarize/controllers/default.py: 0
[2019-10-05 18:38:27] EDIT Sumarize/controllers/default.py: 0
[2019-10-05 18:40:41] EDIT Sumarize/controllers/default.py: 0
[2019-10-05 18:41:53] EDIT Sumarize/controllers/default.py: 0
[2019-10-05 18:43:19] EDIT Sumarize/controllers/default.py: 0
[2019-10-05 18:44:34] EDIT Sumarize/controllers/default.py: 0
[2019-10-05 18:45:25] DELETE Sumarize/views/index.html: -3
[2019-10-05 18:51:19] EDIT Sumarize/controllers/default.py: -1
[2019-10-05 18:51:39] EDIT Sumarize/controllers/default.py: 0
[2019-10-05 18:51:40] EDIT Sumarize/controllers/default.py: 0
[2019-10-05 18:52:08] EDIT Sumarize/controllers/default.py: 1
[2019-10-05 18:52:58] EDIT Sumarize/controllers/default.py: 0
[2019-10-05 18:53:32] EDIT Sumarize/controllers/default.py: 0
[2019-10-05 18:55:28] EDIT Sumarize/views/layout.html: 0
[2019-10-05 18:59:10] EDIT Sumarize/controllers/default.py: 0
[2019-10-05 19:00:08] EDIT Sumarize/controllers/default.py: 0
[2019-10-05 19:00:58] EDIT Sumarize/controllers/default.py: 0
[2019-10-05 19:01:35] EDIT Sumarize/controllers/default.py: 0
[2019-10-05 19:03:17] EDIT Sumarize/controllers/default.py: 0
[2019-10-05 19:04:56] EDIT Sumarize/controllers/default.py: 0
[2019-10-05 19:05:44] EDIT Sumarize/controllers/default.py: 0
[2019-10-05 19:09:18] EDIT Sumarize/views/default/user.html: 0
[2019-10-05 19:10:33] EDIT Sumarize/views/default/user.html: 0
[2019-10-05 19:20:52] EDIT Sumarize/views/layout.html: 0
[2019-10-05 19:21:36] EDIT Sumarize/views/layout.html: 0
[2019-10-05 19:42:22] EDIT Sumarize/views/default/index.html: 86
[2019-10-05 19:44:57] EDIT Sumarize/views/default/index.html: 0
[2019-10-05 19:49:03] EDIT Sumarize/views/default/index.html: 0
[2019-10-05 19:51:54] EDIT Sumarize/views/default/index.html: 0
[2019-10-05 19:53:22] EDIT Sumarize/views/default/index.html: 0
[2019-10-05 19:58:23] EDIT Sumarize/views/default/index.html: 0
[2019-10-05 19:59:10] EDIT Sumarize/views/default/index.html: 0
[2019-10-05 20:01:21] UPLOAD /home/ronalofigueira/web2py/applications/Sumarize/static/img_livro_java.jpg: 77
[2019-10-05 20:02:17] EDIT Sumarize/views/default/index.html: 0
[2019-10-05 20:03:58] EDIT Sumarize/views/default/index.html: 0
[2019-10-05 20:06:15] EDIT Sumarize/views/default/index.html: -4
[2019-10-05 20:08:19] EDIT Sumarize/views/default/index.html: -2
[2019-10-05 20:09:29] EDIT Sumarize/views/default/index.html: -80
[2019-10-05 20:11:50] EDIT Sumarize/controllers/default.py: -1
[2019-10-05 20:12:40] EDIT Sumarize/controllers/default.py: 0
[2019-10-05 20:14:08] EDIT Sumarize/controllers/default.py: 1
[2019-10-05 20:14:43] EDIT Sumarize/controllers/default.py: 0
[2019-10-05 20:37:58] EDIT Sumarize/controllers/default.py: 0
[2019-10-05 20:38:58] EDIT Sumarize/controllers/default.py: 0
[2019-10-05 20:40:09] EDIT Sumarize/controllers/default.py: 0
[2019-10-05 20:41:15] EDIT Sumarize/views/default/index.html: 1
[2019-10-05 20:43:36] EDIT Sumarize/views/default/index.html: -1
[2019-10-05 20:46:39] EDIT Sumarize/controllers/default.py: 0
[2019-10-05 20:47:48] EDIT Sumarize/controllers/default.py: 0
[2019-10-05 20:49:26] EDIT Sumarize/controllers/default.py: -1
[2019-10-05 20:50:26] EDIT Sumarize/views/default/index.html: 0
[2019-10-05 20:51:37] EDIT Sumarize/views/default/index.html: 0
[2019-10-05 20:54:53] EDIT Sumarize/views/default/index.html: 3
[2019-10-05 20:55:31] EDIT Sumarize/views/default/index.html: 0
[2019-10-05 20:55:55] EDIT Sumarize/views/default/index.html: -3
[2019-10-05 21:10:21] EDIT Sumarize/views/default/index.html: 0
[2019-10-05 21:17:23] EDIT Sumarize/views/default/index.html: 86
[2019-10-05 21:20:52] DELETE Sumarize/static/img_livro_java.jpg: -77
[2019-10-05 21:29:27] EDIT Sumarize/views/layout.html: 82
[2019-10-05 21:31:29] EDIT Sumarize/views/layout.html: -2
[2019-10-05 21:32:02] EDIT Sumarize/views/layout.html: -80
[2019-10-05 21:45:36] EDIT Sumarize/views/layout.html: 1
[2019-10-05 21:47:23] EDIT Sumarize/views/layout.html: 0
[2019-10-05 21:48:29] EDIT Sumarize/views/default/index.html: -86
[2019-10-05 21:49:02] EDIT Sumarize/views/default/index.html: 0
[2019-10-05 21:50:19] EDIT Sumarize/views/layout.html: -1
[2019-10-05 21:51:15] EDIT Sumarize/views/default/index.html: 1
[2019-10-05 21:52:32] EDIT Sumarize/views/default/index.html: -1
[2019-10-05 21:57:31] EDIT Sumarize/controllers/default.py: 1
[2019-10-05 21:58:39] EDIT Sumarize/controllers/default.py: 0
[2019-10-05 21:59:18] EDIT Sumarize/controllers/default.py: 0
[2019-10-05 22:00:39] EDIT Sumarize/controllers/default.py: 0
[2019-10-05 22:02:40] EDIT Sumarize/controllers/default.py: 0
[2019-10-05 22:02:54] EDIT Sumarize/controllers/default.py: 0
[2019-10-05 22:03:11] EDIT Sumarize/controllers/default.py: -2
[2019-10-05 22:03:29] EDIT Sumarize/controllers/default.py: 1
[2019-10-05 22:09:04] EDIT Sumarize/controllers/default.py: 0
[2019-10-05 22:11:39] EDIT Sumarize/controllers/default.py: 0
[2019-10-05 22:13:57] EDIT Sumarize/controllers/default.py: 0
[2019-10-05 22:21:00] EDIT Sumarize/controllers/default.py: 0
[2019-10-05 22:21:43] EDIT Sumarize/controllers/default.py: 0
[2019-10-05 22:50:36] EDIT Sumarize/views/default/index.html: 0
[2019-10-05 22:51:29] EDIT Sumarize/views/default/index.html: 0
[2019-10-05 22:52:07] EDIT Sumarize/views/default/index.html: 0
[2019-10-05 22:53:58] EDIT Sumarize/controllers/default.py: 0
[2019-10-05 22:58:32] EDIT Sumarize/controllers/default.py: -1
[2019-10-05 23:03:16] EDIT Sumarize/controllers/default.py: 1
[2019-10-05 23:04:55] EDIT Sumarize/controllers/default.py: 0
[2019-10-05 23:06:04] EDIT Sumarize/controllers/default.py: 0
[2019-10-05 23:06:35] EDIT Sumarize/controllers/default.py: 0
[2019-10-05 23:07:28] EDIT Sumarize/controllers/default.py: 0
[2019-10-05 23:10:25] EDIT Sumarize/views/default/index.html: 0
[2019-10-05 23:20:46] EDIT Sumarize/controllers/default.py: 11
[2019-10-05 23:22:33] EDIT Sumarize/controllers/default.py: 0
[2019-10-05 23:23:16] EDIT Sumarize/models/db.py: 0
[2019-10-05 23:23:47] EDIT Sumarize/models/db.py: 0
[2019-10-05 23:25:20] EDIT Sumarize/models/db.py: 0
[2019-10-05 23:26:14] EDIT Sumarize/models/db.py: 0
[2019-10-05 23:31:05] EDIT Sumarize/models/db.py: 0
[2019-10-05 23:32:06] EDIT Sumarize/models/db.py: 0
[2019-10-05 23:32:50] EDIT Sumarize/models/db.py: 0
[2019-10-05 23:34:40] EDIT Sumarize/models/db.py: 0
[2019-10-05 23:41:24] EDIT Sumarize/controllers/default.py: 3
[2019-10-05 23:45:10] CREATE ver_resumos.html: 0
[2019-10-05 23:47:27] EDIT Sumarize/models/db.py: 0
[2019-10-05 23:48:04] EDIT Sumarize/models/db.py: 0
[2019-10-05 23:49:45] EDIT Sumarize/models/db.py: 0
[2019-10-05 23:54:28] EDIT Sumarize/models/db.py: -1
[2019-10-05 23:55:19] EDIT Sumarize/models/db.py: 0
[2019-10-05 23:56:18] EDIT Sumarize/models/db.py: 0
[2019-10-05 23:57:48] EDIT Sumarize/models/db.py: 0
[2019-10-06 00:00:47] EDIT Sumarize/models/db.py: 0
[2019-10-06 00:09:00] EDIT Sumarize/models/db.py: 0
[2019-10-06 00:09:36] EDIT Sumarize/models/db.py: 0
[2019-10-06 00:09:55] EDIT Sumarize/models/db.py: 0
[2019-10-06 00:33:13] EDIT Sumarize/views/layout.html: 0
[2019-10-06 00:36:47] EDIT Sumarize/views/layout.html: 0
[2019-10-06 00:39:20] EDIT Sumarize/views/layout.html: 0
[2019-10-06 00:54:53] EDIT Sumarize/views/layout.html: 3
[2019-10-06 00:55:27] EDIT Sumarize/views/layout.html: -3
[2019-10-06 00:57:37] EDIT Sumarize/views/layout.html: 0
[2019-10-06 01:02:36] EDIT Sumarize/views/layout.html: 0
[2019-10-06 01:03:06] EDIT Sumarize/views/layout.html: 0
[2019-10-06 01:05:46] EDIT Sumarize/views/layout.html: 0
[2019-10-06 01:06:40] EDIT Sumarize/views/layout.html: 0
[2019-10-06 01:07:13] EDIT Sumarize/views/layout.html: 0
[2019-10-06 01:08:02] EDIT Sumarize/views/layout.html: 0
[2019-10-06 01:08:23] EDIT Sumarize/views/layout.html: 0
[2019-10-06 01:09:13] EDIT Sumarize/views/layout.html: 0
[2019-10-06 01:10:12] EDIT Sumarize/views/layout.html: 0
[2019-10-06 01:11:02] EDIT Sumarize/views/layout.html: 0
[2019-10-06 01:12:00] EDIT Sumarize/views/layout.html: 0
[2019-10-06 01:13:13] EDIT Sumarize/views/layout.html: 0
[2019-10-06 01:15:42] EDIT Sumarize/views/layout.html: 1
[2019-10-06 01:17:24] EDIT Sumarize/controllers/default.py: 2
[2019-10-06 01:17:46] EDIT Sumarize/controllers/default.py: 0
[2019-10-06 01:18:04] EDIT Sumarize/controllers/default.py: 0
[2019-10-06 01:19:21] EDIT Sumarize/controllers/default.py: -2
[2019-10-06 01:19:52] EDIT Sumarize/controllers/default.py: 0
[2019-10-06 01:21:43] EDIT Sumarize/views/default/index.html: 0
[2019-10-06 01:24:49] EDIT Sumarize/views/default/index.html: 81
[2019-10-06 01:26:56] EDIT Sumarize/views/default/index.html: 0
[2019-10-06 01:28:45] EDIT Sumarize/views/default/index.html: 0
[2019-10-06 01:31:24] EDIT Sumarize/views/default/index.html: 0
[2019-10-06 01:33:04] EDIT Sumarize/views/default/index.html: 0
[2019-10-06 01:35:42] CREATE images/img_java.jpg: 0
[2019-10-06 01:37:23] UPLOAD /home/ronalofigueira/web2py/applications/Sumarize/static/images/img_java: 77
[2019-10-06 01:38:00] DELETE Sumarize/static/images/img_java: -77
[2019-10-06 01:38:24] DELETE Sumarize/static/images/img_java.jpg: 0
[2019-10-06 01:39:19] UPLOAD /home/ronalofigueira/web2py/applications/Sumarize/static/images/img_java.jpg: 77
[2019-10-06 01:40:31] UPLOAD /home/ronalofigueira/web2py/applications/Sumarize/static/images/img_python.jpg: 87
[2019-10-06 01:41:34] UPLOAD /home/ronalofigueira/web2py/applications/Sumarize/static/images/img_web2py.jpg: 125
[2019-10-06 01:43:07] EDIT Sumarize/views/default/index.html: 0
[2019-10-06 01:43:46] EDIT Sumarize/views/default/index.html: 0
[2019-10-06 01:45:17] EDIT Sumarize/views/default/index.html: 0
[2019-10-06 01:47:26] EDIT Sumarize/views/default/index.html: 0
[2019-10-06 01:48:01] EDIT Sumarize/views/default/index.html: 0
[2019-10-06 01:49:10] EDIT Sumarize/views/default/index.html: 0
[2019-10-06 01:49:50] EDIT Sumarize/views/default/index.html: 0
[2019-10-06 02:02:53] DELETE Sumarize/static/images/img_web2py.jpg: -125
[2019-10-06 02:03:05] DELETE Sumarize/static/images/img_python.jpg: -87
[2019-10-06 02:03:16] DELETE Sumarize/static/images/img_java.jpg: -77
[2019-10-06 02:04:03] UPLOAD /home/ronalofigueira/web2py/applications/Sumarize/static/images/img_java.jpg: 45
[2019-10-06 02:04:37] UPLOAD /home/ronalofigueira/web2py/applications/Sumarize/static/images/img_python.jpg: 38
[2019-10-06 02:05:22] UPLOAD /home/ronalofigueira/web2py/applications/Sumarize/static/images/img_sql.jpg: 37
[2019-10-06 02:05:50] UPLOAD /home/ronalofigueira/web2py/applications/Sumarize/static/images/img_web2py.jpg: 36
[2019-10-06 02:07:01] EDIT Sumarize/views/default/index.html: 0
[2019-10-06 02:10:41] EDIT Sumarize/views/default/index.html: 0
[2019-10-06 02:17:06] EDIT Sumarize/views/default/index.html: 32
[2019-10-06 02:18:16] EDIT Sumarize/views/default/index.html: 0
[2019-10-06 10:05:44] EDIT Sumarize/views/default/index.html: 0
[2019-10-07 10:38:22] EDIT Sumarize/views/default/index.html: 0
[2019-10-07 10:39:01] EDIT Sumarize/views/default/index.html: 0
[2019-10-07 10:39:57] EDIT Sumarize/views/layout.html: 0
[2019-10-07 10:41:03] EDIT Sumarize/views/layout.html: -1
[2019-10-07 10:44:06] EDIT Sumarize/views/default/index.html: 0
[2019-10-07 10:47:01] EDIT Sumarize/views/default/index.html: 1
[2019-10-07 10:48:44] EDIT Sumarize/views/default/index.html: 0
[2019-10-07 10:48:45] EDIT Sumarize/views/default/index.html: 0
[2019-10-07 10:50:10] EDIT Sumarize/views/default/index.html: 0
[2019-10-07 10:50:23] EDIT Sumarize/views/default/index.html: 0
[2019-10-07 10:52:26] EDIT Sumarize/views/default/index.html: -1
[2019-10-07 10:53:11] EDIT Sumarize/views/default/index.html: -113
[2019-10-07 10:54:05] EDIT Sumarize/controllers/default.py: -4
[2019-10-07 10:55:44] EDIT Sumarize/views/layout.html: 0
[2019-10-07 10:56:45] EDIT Sumarize/views/layout.html: 0
[2019-10-07 10:58:27] EDIT Sumarize/views/generic.html: 0
[2019-10-07 10:58:46] EDIT Sumarize/views/generic.html: 0
[2019-10-07 11:04:30] EDIT Sumarize/controllers/default.py: 0
[2019-10-07 11:05:11] EDIT Sumarize/controllers/default.py: 0
[2019-10-07 11:05:26] EDIT Sumarize/controllers/default.py: 0
[2019-10-07 11:09:00] EDIT Sumarize/controllers/default.py: 2
[2019-10-07 11:12:57] EDIT Sumarize/controllers/default.py: 6
[2019-10-07 11:14:23] EDIT Sumarize/controllers/default.py: 2
[2019-10-07 11:15:04] EDIT Sumarize/controllers/default.py: -2
[2019-10-07 11:21:35] EDIT Sumarize/views/layout.html: 0
[2019-10-07 11:22:51] EDIT Sumarize/views/layout.html: 0
[2019-10-07 11:24:13] EDIT Sumarize/controllers/default.py: 0
[2019-10-07 11:26:14] EDIT Sumarize/controllers/default.py: -2
[2019-10-07 11:30:32] EDIT Sumarize/controllers/default.py: 0
[2019-10-07 11:35:30] EDIT Sumarize/controllers/default.py: 0
[2019-10-07 11:37:04] EDIT Sumarize/controllers/default.py: 0
[2019-10-07 11:38:46] EDIT Sumarize/controllers/default.py: -2
[2019-10-07 12:49:21] EDIT Sumarize/models/db.py: 0
[2019-10-07 12:50:24] EDIT Sumarize/models/db.py: 0
[2019-10-07 12:51:22] EDIT Sumarize/models/db.py: 0
[2019-10-07 12:51:31] EDIT Sumarize/models/db.py: 0
[2019-10-07 12:55:37] EDIT Sumarize/models/db.py: 1
[2019-10-07 12:55:45] EDIT Sumarize/models/db.py: -1
[2019-10-07 12:57:31] EDIT Sumarize/models/db.py: 0
[2019-10-07 12:57:49] EDIT Sumarize/controllers/default.py: 0
[2019-10-07 12:58:53] EDIT Sumarize/controllers/default.py: 0
[2019-10-07 13:06:11] EDIT Sumarize/views/default/index.html: 0
[2019-10-07 13:07:39] EDIT Sumarize/views/default/index.html: 0
[2019-10-07 13:09:13] EDIT Sumarize/views/default/index.html: 0
[2019-10-07 13:09:36] EDIT Sumarize/views/default/index.html: 0
[2019-10-07 13:10:28] EDIT Sumarize/views/default/index.html: 0
[2019-10-07 13:11:47] EDIT Sumarize/views/default/index.html: 0
[2019-10-07 13:14:02] EDIT Sumarize/views/default/index.html: 0
[2019-10-07 13:17:44] EDIT Sumarize/views/default/index.html: 0
[2019-10-07 13:18:21] EDIT Sumarize/views/default/index.html: 0
[2019-10-07 13:19:14] EDIT Sumarize/views/default/index.html: 0
[2019-10-07 13:20:06] EDIT Sumarize/views/default/index.html: 0
[2019-10-07 13:28:56] EDIT Sumarize/controllers/default.py: 0
[2019-10-07 13:29:12] EDIT Sumarize/controllers/default.py: 0
[2019-10-07 13:35:35] EDIT Sumarize/controllers/default.py: 1
[2019-10-07 13:35:55] EDIT Sumarize/controllers/default.py: 0
[2019-10-07 13:35:59] EDIT Sumarize/controllers/default.py: 0
[2019-10-07 13:40:32] EDIT Sumarize/controllers/default.py: -1
[2019-10-07 13:40:42] EDIT Sumarize/controllers/default.py: 0
[2019-10-07 13:42:01] EDIT Sumarize/controllers/default.py: 0
[2019-10-07 13:58:17] EDIT Sumarize/controllers/default.py: 0
[2019-10-07 13:59:04] EDIT Sumarize/controllers/default.py: 0
[2019-10-07 13:59:05] EDIT Sumarize/controllers/default.py: 0
[2019-10-07 13:59:11] EDIT Sumarize/controllers/default.py: 0
[2019-10-07 14:07:51] EDIT Sumarize/controllers/default.py: 0
[2019-10-07 14:08:32] EDIT Sumarize/controllers/default.py: 0
[2019-10-07 14:11:53] EDIT Sumarize/controllers/default.py: 0
[2019-10-07 14:12:50] EDIT Sumarize/controllers/default.py: 0
[2019-10-07 14:40:05] EDIT Sumarize/models/db.py: 0
[2019-10-07 18:03:03] EDIT Sumarize/views/default/index.html: 0
[2019-10-07 18:04:29] EDIT Sumarize/controllers/default.py: 1
[2019-10-07 18:08:06] EDIT Sumarize/views/default/index.html: 0
[2019-10-07 18:09:31] EDIT Sumarize/views/default/index.html: 1
[2019-10-07 18:12:10] EDIT Sumarize/views/default/index.html: 0
[2019-10-07 18:13:24] EDIT Sumarize/controllers/default.py: 1
[2019-10-07 18:40:25] EDIT Sumarize/views/layout.html: 0
[2019-10-07 18:54:41] EDIT Sumarize/views/layout.html: 0
[2019-10-07 18:56:16] EDIT Sumarize/views/layout.html: 0
[2019-10-07 18:57:26] EDIT Sumarize/views/layout.html: 0
[2019-10-07 18:58:58] EDIT Sumarize/controllers/default.py: 0
[2019-10-07 18:59:18] EDIT Sumarize/controllers/default.py: 0
[2019-10-07 19:00:45] EDIT Sumarize/views/ver_livros.html: 0
[2019-10-07 19:01:15] EDIT Sumarize/views/ver_livros.html: 0
[2019-10-07 19:01:46] EDIT Sumarize/controllers/default.py: 0
[2019-10-07 19:02:26] EDIT Sumarize/views/ver_livros.html: 0
[2019-10-07 19:03:19] CREATE livros.html: 0
[2019-10-07 19:03:39] EDIT Sumarize/views/livros.html: 0
[2019-10-07 19:04:33] EDIT Sumarize/views/default/index.html: 0
[2019-10-07 19:05:11] EDIT Sumarize/views/default/index.html: 0
[2019-10-07 19:05:36] CREATE resumos.html: 0
[2019-10-07 19:06:18] EDIT Sumarize/views/resumos.html: 0
[2019-10-07 19:06:49] EDIT Sumarize/views/resumos.html: 0
[2019-10-07 19:07:00] EDIT Sumarize/views/resumos.html: 0
[2019-10-07 19:08:01] EDIT Sumarize/views/default/index.html: 0
[2019-10-07 19:11:33] EDIT Sumarize/controllers/default.py: 0
[2019-10-07 19:13:44] DELETE Sumarize/views/ver_resumos.html: -3
[2019-10-07 19:14:04] DELETE Sumarize/views/ver_livros.html: -3
[2019-10-07 20:24:28] EDIT Sumarize/controllers/default.py: 2
[2019-10-07 20:27:00] EDIT Sumarize/controllers/default.py: -2
[2019-10-07 21:19:33] EDIT Sumarize/views/default/index.html: 0
[2019-10-07 21:23:41] EDIT Sumarize/views/layout.html: 0
[2019-10-07 21:24:39] EDIT Sumarize/views/layout.html: 0
[2019-10-07 21:29:52] EDIT Sumarize/views/default/index.html: 2
[2019-10-07 21:30:49] EDIT Sumarize/views/default/index.html: 2
[2019-10-07 21:38:16] EDIT Sumarize/models/db.py: 1
[2019-10-07 21:42:45] EDIT Sumarize/models/db.py: 0
[2019-10-07 21:43:54] EDIT Sumarize/models/db.py: 0
[2019-10-07 21:52:47] EDIT Sumarize/models/db.py: 0
[2019-10-07 21:52:52] EDIT Sumarize/models/db.py: 0
[2019-10-07 21:57:33] EDIT Sumarize/models/db.py: 0
[2019-10-07 21:59:05] EDIT Sumarize/models/db.py: 0
[2019-10-07 21:59:53] EDIT Sumarize/models/db.py: 0
[2019-10-07 22:00:44] EDIT Sumarize/models/db.py: 0
[2019-10-07 22:02:45] EDIT Sumarize/models/db.py: 0
[2019-10-07 22:03:07] EDIT Sumarize/models/db.py: 0
[2019-10-07 22:06:14] EDIT Sumarize/views/default/index.html: 0
[2019-10-07 23:05:02] EDIT Sumarize/views/default/index.html: 0
[2019-10-07 23:08:56] EDIT Sumarize/views/default/index.html: 0
[2019-10-07 23:09:36] EDIT Sumarize/views/default/index.html: 0
[2019-10-07 23:10:42] EDIT Sumarize/views/default/index.html: 0
[2019-10-07 23:11:55] EDIT Sumarize/views/default/index.html: 0
[2019-10-07 23:13:39] EDIT Sumarize/views/default/index.html: 0
[2019-10-07 23:14:46] EDIT Sumarize/views/default/index.html: 0
[2019-10-07 23:15:13] EDIT Sumarize/views/default/index.html: 0
